<?xml version="1.0" encoding="UTF-8"?>
<!-- Generated by org.testng.reporters.JUnitReportReporter -->
<testsuite name="Maven1.Annotations.Beforeclass" tests="2" time="0.008" ignored="0" failures="0" timestamp="09 Jan 2021 23:12:43 GMT" skipped="0" hostname="LAPTOP-50DL21DA" errors="0">
  <testcase name="launchbrowser" time="0.007" classname="Maven1.Annotations.Beforeclass"/>
  <testcase name="gmail2" time="0.001" classname="Maven1.Annotations.Beforeclass"/>
</testsuite> <!-- Maven1.Annotations.Beforeclass -->
